Drill report for MUNIN 100.kicad_pcb
Created on Wed Jan 26 11:25:35 2022

Copper Layer Stackup:
    =============================================================
    L1 :  F.Cu                      front
    L2 :  B.Cu                      back


Drill file 'MUNIN 100-PTH.drl' contains
    plated through holes:
    =============================================================
    T1  0.400mm  0.0157"  (51 holes)
    T2  1.000mm  0.0394"  (7 holes)
    T3  1.500mm  0.0591"  (2 holes)
    T4  1.700mm  0.0669"  (8 holes)

    Total plated holes count 68


Drill file 'MUNIN 100-NPTH.drl' contains
    unplated through holes:
    =============================================================
    T1  3.200mm  0.1260"  (4 holes)
    T2  3.500mm  0.1378"  (2 holes)

    Total unplated holes count 6
